# JRE version: OpenJDK Runtime Environment (21.0.8) (build 21.0.8+-14196175-b1038.72)
# Java VM: OpenJDK 64-Bit Server VM (21.0.8+-14196175-b1038.72, mixed mode, tiered, compressed oops, compressed class ptrs, g1 gc, windows-amd64)
GC Precious Log:
 CardTable entry size: 512
 Card Set container configuration: InlinePtr #cards 5 size 8 Array Of Cards #cards 12 size 40 Howl #buckets 4 coarsen threshold 1843 Howl Bitmap #cards 512 size 80 coarsen threshold 460 Card regions per heap region 1 cards per card region 2048
 CPUs: 8 total, 8 available
 Memory: 7975M
 Large Page Support: Disabled
 NUMA Support: Disabled
 Compressed Oops: Enabled (32-bit)
 Heap Region Size: 1M
 Heap Min Capacity: 8M
 Heap Initial Capacity: 126M
 Heap Max Capacity: 1994M
 Pre-touch: Disabled
 Parallel Workers: 8
 Concurrent Workers: 2
 Concurrent Refinement Workers: 8
 Periodic GC: Disabled
Heap:
 garbage-first heap   total 133120K, used 85504K [0x0000000083600000, 0x0000000100000000)
  region size 1024K, 4 young (4096K), 4 survivors (4096K)
 Metaspace       used 56779K, committed 57088K, reserved 1114112K
  class space    used 6646K, committed 6784K, reserved 1048576K
GC Heap History (20 events):
Event: 2.979 GC heap after
{Heap after GC invocations=12 (full 0):
 garbage-first heap   total 61440K, used 28890K [0x0000000083600000, 0x0000000100000000)
  region size 1024K, 3 young (3072K), 3 survivors (3072K)
 Metaspace       used 44582K, committed 44800K, reserved 1114112K
  class space    used 5326K, committed 5440K, reserved 1048576K
}
Event: 3.176 GC heap before
{Heap before GC invocations=12 (full 0):
 garbage-first heap   total 61440K, used 42202K [0x0000000083600000, 0x0000000100000000)
  region size 1024K, 18 young (18432K), 3 survivors (3072K)
 Metaspace       used 47447K, committed 47616K, reserved 1114112K
  class space    used 5639K, committed 5696K, reserved 1048576K
}
Event: 3.184 GC heap after
{Heap after GC invocations=13 (full 0):
 garbage-first heap   total 73728K, used 30783K [0x0000000083600000, 0x0000000100000000)
  region size 1024K, 2 young (2048K), 2 survivors (2048K)
 Metaspace       used 47447K, committed 47616K, reserved 1114112K
  class space    used 5639K, committed 5696K, reserved 1048576K
}
Event: 3.526 GC heap before
{Heap before GC invocations=14 (full 0):
 garbage-first heap   total 73728K, used 58431K [0x0000000083600000, 0x0000000100000000)
  region size 1024K, 30 young (30720K), 2 survivors (2048K)
 Metaspace       used 49044K, committed 49344K, reserved 1114112K
  class space    used 5800K, committed 5952K, reserved 1048576K
}
Event: 3.537 GC heap after
{Heap after GC invocations=15 (full 0):
 garbage-first heap   total 73728K, used 37888K [0x0000000083600000, 0x0000000100000000)
  region size 1024K, 4 young (4096K), 4 survivors (4096K)
 Metaspace       used 49044K, committed 49344K, reserved 1114112K
  class space    used 5800K, committed 5952K, reserved 1048576K
}
Event: 3.777 GC heap before
{Heap before GC invocations=15 (full 0):
 garbage-first heap   total 73728K, used 61440K [0x0000000083600000, 0x0000000100000000)
  region size 1024K, 26 young (26624K), 4 survivors (4096K)
 Metaspace       used 50300K, committed 50560K, reserved 1114112K
  class space    used 5920K, committed 6080K, reserved 1048576K
}
Event: 3.795 GC heap after
{Heap after GC invocations=16 (full 0):
 garbage-first heap   total 73728K, used 46080K [0x0000000083600000, 0x0000000100000000)
  region size 1024K, 4 young (4096K), 4 survivors (4096K)
 Metaspace       used 50300K, committed 50560K, reserved 1114112K
  class space    used 5920K, committed 6080K, reserved 1048576K
}
Event: 3.879 GC heap before
{Heap before GC invocations=16 (full 0):
 garbage-first heap   total 73728K, used 62464K [0x0000000083600000, 0x0000000100000000)
  region size 1024K, 20 young (20480K), 4 survivors (4096K)
 Metaspace       used 50719K, committed 51008K, reserved 1114112K
  class space    used 5949K, committed 6080K, reserved 1048576K
}
Event: 3.889 GC heap after
{Heap after GC invocations=17 (full 0):
 garbage-first heap   total 73728K, used 52224K [0x0000000083600000, 0x0000000100000000)
  region size 1024K, 3 young (3072K), 3 survivors (3072K)
 Metaspace       used 50719K, committed 51008K, reserved 1114112K
  class space    used 5949K, committed 6080K, reserved 1048576K
}
Event: 4.133 GC heap before
{Heap before GC invocations=18 (full 0):
 garbage-first heap   total 87040K, used 64512K [0x0000000083600000, 0x0000000100000000)
  region size 1024K, 15 young (15360K), 3 survivors (3072K)
 Metaspace       used 51830K, committed 52160K, reserved 1114112K
  class space    used 6111K, committed 6272K, reserved 1048576K
}
Event: 4.143 GC heap after
{Heap after GC invocations=19 (full 0):
 garbage-first heap   total 87040K, used 54784K [0x0000000083600000, 0x0000000100000000)
  region size 1024K, 2 young (2048K), 2 survivors (2048K)
 Metaspace       used 51830K, committed 52160K, reserved 1114112K
  class space    used 6111K, committed 6272K, reserved 1048576K
}
Event: 4.306 GC heap before
{Heap before GC invocations=19 (full 0):
 garbage-first heap   total 87040K, used 73216K [0x0000000083600000, 0x0000000100000000)
  region size 1024K, 20 young (20480K), 2 survivors (2048K)
 Metaspace       used 53511K, committed 53824K, reserved 1114112K
  class space    used 6275K, committed 6400K, reserved 1048576K
}
Event: 4.313 GC heap after
{Heap after GC invocations=20 (full 0):
 garbage-first heap   total 123904K, used 58091K [0x0000000083600000, 0x0000000100000000)
  region size 1024K, 3 young (3072K), 3 survivors (3072K)
 Metaspace       used 53511K, committed 53824K, reserved 1114112K
  class space    used 6275K, committed 6400K, reserved 1048576K
}
Event: 5.067 GC heap before
{Heap before GC invocations=20 (full 0):
 garbage-first heap   total 123904K, used 97003K [0x0000000083600000, 0x0000000100000000)
  region size 1024K, 41 young (41984K), 3 survivors (3072K)
 Metaspace       used 56325K, committed 56640K, reserved 1114112K
  class space    used 6618K, committed 6784K, reserved 1048576K
}
Event: 5.084 GC heap after
{Heap after GC invocations=21 (full 0):
 garbage-first heap   total 123904K, used 65536K [0x0000000083600000, 0x0000000100000000)
  region size 1024K, 6 young (6144K), 6 survivors (6144K)
 Metaspace       used 56325K, committed 56640K, reserved 1114112K
  class space    used 6618K, committed 6784K, reserved 1048576K
}
Event: 5.361 GC heap before
{Heap before GC invocations=21 (full 0):
 garbage-first heap   total 123904K, used 99328K [0x0000000083600000, 0x0000000100000000)
  region size 1024K, 39 young (39936K), 6 survivors (6144K)
 Metaspace       used 56779K, committed 57088K, reserved 1114112K
  class space    used 6646K, committed 6784K, reserved 1048576K
}
Event: 5.376 GC heap after
{Heap after GC invocations=22 (full 0):
 garbage-first heap   total 123904K, used 72192K [0x0000000083600000, 0x0000000100000000)
  region size 1024K, 5 young (5120K), 5 survivors (5120K)
 Metaspace       used 56779K, committed 57088K, reserved 1114112K
  class space    used 6646K, committed 6784K, reserved 1048576K
}
Event: 5.435 GC heap before
{Heap before GC invocations=22 (full 0):
 garbage-first heap   total 123904K, used 103936K [0x0000000083600000, 0x0000000100000000)
  region size 1024K, 36 young (36864K), 5 survivors (5120K)
 Metaspace       used 56779K, committed 57088K, reserved 1114112K
  class space    used 6646K, committed 6784K, reserved 1048576K
}
Event: 5.448 GC heap after
{Heap after GC invocations=23 (full 0):
 garbage-first heap   total 123904K, used 79360K [0x0000000083600000, 0x0000000100000000)
  region size 1024K, 5 young (5120K), 5 survivors (5120K)
 Metaspace       used 56779K, committed 57088K, reserved 1114112K
  class space    used 6646K, committed 6784K, reserved 1048576K
}
Event: 5.512 GC heap before
{Heap before GC invocations=23 (full 0):
 garbage-first heap   total 123904K, used 107008K [0x0000000083600000, 0x0000000100000000)
  region size 1024K, 32 young (32768K), 5 survivors (5120K)
 Metaspace       used 56779K, committed 57088K, reserved 1114112K
  class space    used 6646K, committed 6784K, reserved 1048576K
}

